<?xml version="1.0" encoding="UTF-8"?>
<!-- Generated by org.testng.reporters.JUnitReportReporter -->
<testsuite hostname="UMESH-PC" failures="0" tests="3" name="sdetInterviewQuestions.DataProvider_Annotation" time="0.018" errors="0" timestamp="2025-04-03T00:58:49 IST" skipped="0">
  <testcase classname="sdetInterviewQuestions.DataProvider_Annotation" name="dataProviderMethod" time="0.014"/>
  <testcase classname="sdetInterviewQuestions.DataProvider_Annotation" name="dataProviderMethod" time="0.001"/>
  <testcase classname="sdetInterviewQuestions.DataProvider_Annotation" name="dataProviderMethod" time="0.003"/>
</testsuite> <!-- sdetInterviewQuestions.DataProvider_Annotation -->
