<?xml version="1.0" encoding="UTF-8"?>
<!-- Generated by org.testng.reporters.JUnitReportReporter -->
<testsuite hostname="UMESH-PC" failures="0" tests="1" name="new_package_facebooklogin.FB_LoginTest" time="44.857" errors="0" timestamp="2025-05-01T00:32:45 IST" skipped="0">
  <testcase classname="new_package_facebooklogin.FB_LoginTest" name="loginTest" time="44.857">
    <system-out>
      <![CDATA[Test case got passed!]]>
    </system-out>
  </testcase> <!-- loginTest -->
  <system-out>
    <![CDATA[Test case got passed!]]>
  </system-out>
</testsuite> <!-- new_package_facebooklogin.FB_LoginTest -->
