<?xml version="1.0" encoding="UTF-8"?>
<!-- Generated by org.testng.reporters.JUnitReportReporter -->
<testsuite hostname="UMESH-PC" failures="0" tests="1" name="sdetInterviewQuestions.YouTbube_SearachBox" time="107.300" errors="0" timestamp="2025-04-02T22:42:43 IST" skipped="0">
  <testcase classname="sdetInterviewQuestions.YouTbube_SearachBox" name="youTubeSearchBox" time="107.300"/>
</testsuite> <!-- sdetInterviewQuestions.YouTbube_SearachBox -->
