<?xml version="1.0" encoding="UTF-8"?>
<!-- Generated by org.testng.reporters.JUnitReportReporter -->
<testsuite hostname="UMESH-PC" failures="0" tests="3" name="sdetInterviewQuestions.Group_Test_Concepts" time="0.025" errors="0" timestamp="2025-03-30T17:24:35 IST" skipped="0">
  <testcase classname="sdetInterviewQuestions.Group_Test_Concepts" name="group05" time="0.003"/>
  <testcase classname="sdetInterviewQuestions.Group_Test_Concepts" name="group01" time="0.020"/>
  <testcase classname="sdetInterviewQuestions.Group_Test_Concepts" name="group02" time="0.002"/>
</testsuite> <!-- sdetInterviewQuestions.Group_Test_Concepts -->
