<?xml version="1.0" encoding="UTF-8"?>
<!-- Generated by org.testng.reporters.JUnitReportReporter -->
<testsuite hostname="UMESH-PC" failures="0" tests="2" name="new_package_facebooklogin.FB_LoginTest" time="306.762" errors="0" timestamp="2025-07-02T23:31:10 IST" skipped="1">
  <testcase classname="new_package_facebooklogin.FB_LoginTest" name="loginTest" time="67.272">
    <system-out>
      <![CDATA[Test case got passed!]]>
    </system-out>
  </testcase> <!-- loginTest -->
  <testcase classname="new_package_facebooklogin.FB_LoginTest" name="loginTest" time="239.490">
    <skipped/>
  </testcase> <!-- loginTest -->
  <system-out>
    <![CDATA[Test case got passed!]]>
  </system-out>
</testsuite> <!-- new_package_facebooklogin.FB_LoginTest -->
